<?xml version="1.0" encoding="UTF-8"?>
<!-- Generated by org.testng.reporters.JUnitReportReporter -->
<testsuite hostname="master" name="edureka.co.Test_id.AppTest" tests="1" failures="0" timestamp="9 Nov 2019 16:20:08 GMT" time="0.002" errors="0">
  <testcase name="testApp" time="0.002" classname="edureka.co.Test_id.AppTest"/>
</testsuite> <!-- edureka.co.Test_id.AppTest -->
