<?xml version="1.0" encoding="UTF-8"?>
<!-- Generated by org.testng.reporters.JUnitReportReporter -->
<testsuite hostname="master" name="edureka.co.Test_id.NewTest" tests="1" failures="0" timestamp="9 Nov 2019 17:32:00 GMT" time="6.346" errors="0">
  <testcase name="verifylogin" time="6.346" classname="edureka.co.Test_id.NewTest"/>
</testsuite> <!-- edureka.co.Test_id.NewTest -->
