<?xml version="1.0" encoding="UTF-8"?>
<!-- Generated by org.testng.reporters.JUnitReportReporter -->
<testsuite hostname="master" name="edureka.co.Test_id.NewTest" tests="1" failures="0" timestamp="11 Nov 2019 04:09:39 GMT" time="7.162" errors="0">
  <testcase name="verifylogin" time="7.162" classname="edureka.co.Test_id.NewTest"/>
</testsuite> <!-- edureka.co.Test_id.NewTest -->
